app/build/outputs/logs/manifest-merger-debug-report.txt
-- Merging decision tree log ---
manifest
ADDED from AndroidManifest.xml:2:1
	xmlns:android
		ADDED from AndroidManifest.xml:2:11
	package
		ADDED from AndroidManifest.xml:3:5
		INJECTED from AndroidManifest.xml:0:0
		INJECTED from AndroidManifest.xml:0:0
	android:versionName
		INJECTED from AndroidManifest.xml:0:0
		INJECTED from AndroidManifest.xml:0:0
	android:versionCode
		INJECTED from AndroidManifest.xml:0:0
		INJECTED from AndroidManifest.xml:0:0
uses-permission#android.permission.INTERNET
ADDED from AndroidManifest.xml:4:1
	android:name
		ADDED from AndroidManifest.xml:4:18
uses-permission#android.permission.ACCESS_NETWORK_STATE
ADDED from AndroidManifest.xml:5:5
	android:name
		ADDED from AndroidManifest.xml:5:22
uses-permission#android.permission.RECEIVE_BOOT_COMPLETED
ADDED from AndroidManifest.xml:6:5
	android:name
		ADDED from AndroidManifest.xml:6:22
uses-permission#android.permission.WAKE_LOCK
ADDED from AndroidManifest.xml:7:5
	android:name
		ADDED from AndroidManifest.xml:7:22
application
ADDED from AndroidManifest.xml:8:5
MERGED from com.android.support:appcompat-v7:23.1.1:22:5
MERGED from com.android.support:support-v4:23.1.1:22:5
MERGED from com.android.support:support-v4:23.1.1:22:5
MERGED from com.android.support:cardview-v7:23.1.1:22:5
MERGED from com.android.support:palette-v7:23.1.1:22:5
MERGED from com.android.support:support-v4:23.1.1:22:5
MERGED from com.android.support:design:23.1.1:22:5
MERGED from com.android.support:appcompat-v7:23.1.1:22:5
MERGED from com.android.support:support-v4:23.1.1:22:5
MERGED from com.android.support:support-v4:23.1.1:22:5
MERGED from com.android.support:support-v4:23.1.1:22:5
MERGED from com.github.frankiesardo:linearlistview:1.0.1:6:5
MERGED from de.hdodenhof:circleimageview:1.3.0:9:5
MERGED from com.android.support:support-v4:23.1.1:22:5
MERGED from com.android.support:design:23.1.1:22:5
MERGED from com.android.support:appcompat-v7:23.1.1:22:5
MERGED from com.android.support:support-v4:23.1.1:22:5
MERGED from com.android.support:support-v4:23.1.1:22:5
MERGED from com.android.support:support-v4:23.1.1:22:5
MERGED from com.android.support:support-v4:23.1.1:22:5
MERGED from com.jpardogo.materialtabstrip:library:1.1.0:9:5
MERGED from com.android.support:support-v4:23.1.1:22:5
	android:allowBackup
		ADDED from AndroidManifest.xml:9:9
	android:icon
		ADDED from AndroidManifest.xml:10:9
	android:theme
		ADDED from AndroidManifest.xml:11:9
activity#com.example.conga.finaltest.activities.Main
ADDED from AndroidManifest.xml:12:9
	android:label
		ADDED from AndroidManifest.xml:14:13
	android:name
		ADDED from AndroidManifest.xml:13:13
intent-filter#android.intent.action.MAIN+android.intent.category.LAUNCHER
ADDED from AndroidManifest.xml:15:13
action#android.intent.action.MAIN
ADDED from AndroidManifest.xml:16:17
	android:name
		ADDED from AndroidManifest.xml:16:25
category#android.intent.category.LAUNCHER
ADDED from AndroidManifest.xml:17:17
	android:name
		ADDED from AndroidManifest.xml:17:27
receiver#com.example.conga.finaltest.broadcastreceiver.OnAlarmReceiver
ADDED from AndroidManifest.xml:21:12
	android:name
		ADDED from AndroidManifest.xml:21:22
service#com.example.conga.finaltest.services.ReminderService
ADDED from AndroidManifest.xml:22:9
	android:name
		ADDED from AndroidManifest.xml:22:18
activity#com.example.conga.finaltest.activities.DetailsTask
ADDED from AndroidManifest.xml:23:9
	android:label
		ADDED from AndroidManifest.xml:24:13
	android:theme
		ADDED from AndroidManifest.xml:25:13
	android:name
		ADDED from AndroidManifest.xml:23:19
service#com.example.conga.finaltest.services.UpdateNewFeedService
ADDED from AndroidManifest.xml:28:1
	android:name
		ADDED from AndroidManifest.xml:28:10
service#com.example.conga.finaltest.services.AlarmReceiver
ADDED from AndroidManifest.xml:29:9
	android:name
		ADDED from AndroidManifest.xml:29:18
service#com.example.conga.finaltest.services.WakeReminderIntentService
ADDED from AndroidManifest.xml:31:9
	android:name
		ADDED from AndroidManifest.xml:31:18
uses-sdk
INJECTED from AndroidManifest.xml:0:0 reason: use-sdk injection requested
MERGED from com.android.support:appcompat-v7:23.1.1:20:5
MERGED from com.android.support:support-v4:23.1.1:20:5
MERGED from com.android.support:recyclerview-v7:23.1.1:20:5
MERGED from com.android.support:support-v4:23.1.1:20:5
MERGED from com.android.support:cardview-v7:23.1.1:20:5
MERGED from com.android.support:palette-v7:23.1.1:20:5
MERGED from com.android.support:support-v4:23.1.1:20:5
MERGED from com.android.support:design:23.1.1:20:5
MERGED from com.android.support:appcompat-v7:23.1.1:20:5
MERGED from com.android.support:support-v4:23.1.1:20:5
MERGED from com.android.support:recyclerview-v7:23.1.1:20:5
MERGED from com.android.support:support-v4:23.1.1:20:5
MERGED from com.android.support:support-v4:23.1.1:20:5
MERGED from com.github.frankiesardo:linearlistview:1.0.1:4:5
MERGED from de.hdodenhof:circleimageview:1.3.0:5:5
MERGED from com.github.ksoichiro:android-observablescrollview:1.6.0:21:5
MERGED from com.android.support:recyclerview-v7:23.1.1:20:5
MERGED from com.android.support:support-v4:23.1.1:20:5
MERGED from com.android.support:design:23.1.1:20:5
MERGED from com.android.support:appcompat-v7:23.1.1:20:5
MERGED from com.android.support:support-v4:23.1.1:20:5
MERGED from com.android.support:recyclerview-v7:23.1.1:20:5
MERGED from com.android.support:support-v4:23.1.1:20:5
MERGED from com.android.support:support-v4:23.1.1:20:5
MERGED from com.baoyz.swipemenulistview:library:1.3.0:7:5
MERGED from com.android.support:support-v4:23.1.1:20:5
MERGED from com.jpardogo.materialtabstrip:library:1.1.0:5:5
MERGED from com.android.support:support-v4:23.1.1:20:5
	android:targetSdkVersion
		INJECTED from AndroidManifest.xml:0:0
		INJECTED from AndroidManifest.xml:0:0
	android:minSdkVersion
		INJECTED from AndroidManifest.xml:0:0
		INJECTED from AndroidManifest.xml:0:0